2020-07-14 11:21:01,356 - singelPicCollectionForMi - INFO - url为:https://mi-api-dev-k8s.nailtutu.com/imi/tOcGalleryInfo/singelPicCollectionForMi?lang=zh&timeStamp=20200714112101&clientVersionInfo=android_app_ch_1.0.4&access_token=a2777926-4242-4ffe-826d-e5b26d097114
2020-07-14 11:21:01,356 - singelPicCollectionForMi - INFO - 请求的参数为:{'collectStatus': '1', 'collectVersion': '2.0', 'picList': [{'collectionType': '1', 'galleryId': 'c4c7d1ae004b4490b8eb9bf671ec362b'}]}
2020-07-14 11:21:01,465 - singelPicCollectionForMi - INFO - 返回的参数为:{'stateCode': 200, 'stateMsg': 'OK', 'testMsg': None}
2020-07-14 11:21:01,466 - getMyPicCollectionListIM - INFO - url为:https://mi-api-dev-k8s.nailtutu.com/imi/tOcGalleryInfo/getMyPicCollectionListIM?lang=zh&timeStamp=20200714112101&clientVersionInfo=android_app_ch_1.0.4&access_token=a2777926-4242-4ffe-826d-e5b26d097114
2020-07-14 11:21:01,466 - getMyPicCollectionListIM - INFO - 请求的参数为:{'currentPage': '1', 'pageSize': '15', 'collectVersion': '2.0'}
2020-07-14 11:21:01,570 - getMyPicCollectionListIM - INFO - 返回的参数为:{'stateCode': 200, 'stateMsg': 'OK', 'testMsg': None, 'currentPage': 1, 'pageSize': 15, 'totalNum': 3, 'totalPage': 1, 'data': [{'id': 'c4c7d1ae004b4490b8eb9bf671ec362b', 'galleryName': 'P017B_03.jpg', 'galleryUrl': '/tutu/system/20190530170845049_456784.jpg', 'galleryThumbnailUrl': '/tutu/system/20190530170845049_456784.jpg_240x360.jpg', 'galleryType': 1, 'galleryOutId': '00003994', 'galleryStatus': 6}, {'id': 'c1ef5570c1ea4c3eb8e57f3e92eba3e6', 'galleryName': 'DIY.jpg', 'galleryUrl': '/tutu/system/20200714112056368_986782.jpg_240x360.jpg', 'galleryThumbnailUrl': '/tutu/system/20200714112056368_986782.jpg', 'galleryType': 3, 'galleryOutId': '00000101', 'galleryStatus': 6}, {'id': 'd759fe3ffd83421880f37f1f6e906799', 'galleryName': 'DIY.jpg', 'galleryUrl': '/tutu/system/20200714110115578_486439.jpg_240x360.jpg', 'galleryThumbnailUrl': '/tutu/system/20200714110115578_486439.jpg', 'galleryType': 3, 'galleryOutId': '00000099', 'galleryStatus': 6}]}
2020-07-14 11:21:01,870 - singelPicCollectionForMi - INFO - url为:https://mi-api-dev-k8s.nailtutu.com/imi/tOcGalleryInfo/singelPicCollectionForMi?lang=zh&timeStamp=20200714112101&clientVersionInfo=android_app_ch_1.0.4&access_token=a2777926-4242-4ffe-826d-e5b26d097114
2020-07-14 11:21:01,871 - singelPicCollectionForMi - INFO - 请求的参数为:{'collectStatus': '0', 'collectVersion': '2.0', 'picList': [{'collectionType': '1', 'galleryId': 'c4c7d1ae004b4490b8eb9bf671ec362b'}]}
2020-07-14 11:21:01,974 - singelPicCollectionForMi - INFO - 返回的参数为:{'stateCode': 200, 'stateMsg': 'OK', 'testMsg': None}
2020-07-14 11:21:02,979 - singelPicCollectionForMi - INFO - url为:https://mi-api-dev-k8s.nailtutu.com/imi/tOcGalleryInfo/singelPicCollectionForMi?lang=zh&timeStamp=20200714112102&clientVersionInfo=android_app_ch_1.0.4&access_token=a2777926-4242-4ffe-826d-e5b26d097114
2020-07-14 11:21:02,979 - singelPicCollectionForMi - INFO - 请求的参数为:{'collectStatus': '1', 'collectVersion': '2.0', 'picList': [{'collectionType': '1', 'galleryId': '27329db1caa5455c9d3919c6469edba2'}]}
2020-07-14 11:21:03,269 - singelPicCollectionForMi - INFO - 返回的参数为:{'stateCode': 200, 'stateMsg': 'OK', 'testMsg': None}
2020-07-14 11:21:03,269 - getMyPicCollectionListIM - INFO - url为:https://mi-api-dev-k8s.nailtutu.com/imi/tOcGalleryInfo/getMyPicCollectionListIM?lang=zh&timeStamp=20200714112103&clientVersionInfo=android_app_ch_1.0.4&access_token=a2777926-4242-4ffe-826d-e5b26d097114
2020-07-14 11:21:03,269 - getMyPicCollectionListIM - INFO - 请求的参数为:{'currentPage': '1', 'pageSize': '15', 'collectVersion': '2.0'}
2020-07-14 11:21:03,435 - getMyPicCollectionListIM - INFO - 返回的参数为:{'stateCode': 200, 'stateMsg': 'OK', 'testMsg': None, 'currentPage': 1, 'pageSize': 15, 'totalNum': 3, 'totalPage': 1, 'data': [{'id': '27329db1caa5455c9d3919c6469edba2', 'galleryName': 'P027D_01.jpg', 'galleryUrl': '/tutu/system/20190530171812808_126741.jpg', 'galleryThumbnailUrl': '/tutu/system/20190530171812808_126741.jpg_240x360.jpg', 'galleryType': 1, 'galleryOutId': '00004013', 'galleryStatus': 6}, {'id': 'c1ef5570c1ea4c3eb8e57f3e92eba3e6', 'galleryName': 'DIY.jpg', 'galleryUrl': '/tutu/system/20200714112056368_986782.jpg_240x360.jpg', 'galleryThumbnailUrl': '/tutu/system/20200714112056368_986782.jpg', 'galleryType': 3, 'galleryOutId': '00000101', 'galleryStatus': 6}, {'id': 'd759fe3ffd83421880f37f1f6e906799', 'galleryName': 'DIY.jpg', 'galleryUrl': '/tutu/system/20200714110115578_486439.jpg_240x360.jpg', 'galleryThumbnailUrl': '/tutu/system/20200714110115578_486439.jpg', 'galleryType': 3, 'galleryOutId': '00000099', 'galleryStatus': 6}]}
2020-07-14 11:21:03,736 - singelPicCollectionForMi - INFO - url为:https://mi-api-dev-k8s.nailtutu.com/imi/tOcGalleryInfo/singelPicCollectionForMi?lang=zh&timeStamp=20200714112103&clientVersionInfo=android_app_ch_1.0.4&access_token=a2777926-4242-4ffe-826d-e5b26d097114
2020-07-14 11:21:03,736 - singelPicCollectionForMi - INFO - 请求的参数为:{'collectStatus': '0', 'collectVersion': '2.0', 'picList': [{'collectionType': '1', 'galleryId': '27329db1caa5455c9d3919c6469edba2'}]}
2020-07-14 11:21:03,860 - singelPicCollectionForMi - INFO - 返回的参数为:{'stateCode': 200, 'stateMsg': 'OK', 'testMsg': None}
2020-07-14 11:21:04,142 - coverBanner - INFO - url为:https://mi-api-dev-k8s.nailtutu.com/imi/cms/coverBanner/list?access_token=a2777926-4242-4ffe-826d-e5b26d097114&lang=EN&timeStamp=20200714112104&clientVersionInfo=ios_app_en_1.0.4
2020-07-14 11:21:04,143 - coverBanner - INFO - 请求的参数为:{'appType': 1, 'bannerModel': 'B03B11'}
2020-07-14 11:21:04,286 - coverBanner - INFO - 返回的参数为:{'stateCode': 200, 'stateMsg': 'OK', 'testMsg': None, 'data': [{'galleryId': '49d13d04e0ef45a69df1afef3ce515c8', 'galleryUrl': '/tutu/system/20191107115437040_108156.png', 'galleryThumbnailUrl': '/tutu/system/20191107115437040_108156.png_240x360.png', 'jumpDestination': '6', 'jumpType': '2', 'bannerId': '2c6aaf6c1ee241109044feac38e44344'}, {'galleryId': '0ef691bbffe6456192a9cee9dd5b9f29', 'galleryUrl': '/tutu/system/20190614135747758_971796.jpg', 'galleryThumbnailUrl': '/tutu/system/20190614135747758_971796.jpg_240x360.jpg', 'jumpDestination': '7', 'jumpType': '2', 'bannerId': '2c6aaf6c1ee241109044feac38e44344'}]}
2020-07-14 11:21:04,937 - common - INFO - url为:https://mi-api-dev-k8s.nailtutu.com/file/upload/common?lang=zh&timeStamp=20200714112104&clientVersionInfo=android_app_ch_1.0.4&access_token=a2777926-4242-4ffe-826d-e5b26d097114
2020-07-14 11:21:04,937 - common - INFO - 请求参数为{'directory': 'AutoTest/tutuAndroid', 'autoWithContentType': True}
2020-07-14 11:21:06,907 - common - INFO - 返回值为：{'stateCode': 200, 'stateMsg': 'OK', 'testMsg': None, 'data': {'fileName': 'tutuAndroid.html', 'size': 799384, 'fileUrl': '/tutu/AutoTest/tutuAndroid/20200714112105739_229634.html'}}
